sending incremental file list
created directory /home/rohan-sirohi/Backups
./
backup_28-04-24.log
error.txt
file.txt
logfile
readme.md
script01-just-a-simple-script.sh
script02-learning-variables.sh
script03-learning-mat.sh
script04-learning-if-else-statements.sh
script05-learning-if-else-statements.sh
script06-check-if-file-exist-or-not.sh
script07-create-new-file-if-dosent-exist.sh
script08-installing-htop-using-command.sh
script09-installing-htop-and-generating-logs.sh
script10-error-codes-learning.sh
script11-while-loops.sh
script12-universal-update-script.sh
script13-for-loops.sh
script14-data-strerams.sh
script15-funtions.sh
script16-case-statements.sh
script17-scheduling-jobs.sh
script18-arguments.sh
script19-backup-script.sh
script20.sh
.git/
.git/COMMIT_EDITMSG
.git/FETCH_HEAD
.git/HEAD
.git/ORIG_HEAD
.git/config
.git/description
.git/index
.git/branches/
.git/hooks/
.git/hooks/applypatch-msg.sample
.git/hooks/commit-msg.sample
.git/hooks/fsmonitor-watchman.sample
.git/hooks/post-update.sample
.git/hooks/pre-applypatch.sample
.git/hooks/pre-commit.sample
.git/hooks/pre-merge-commit.sample
.git/hooks/pre-push.sample
.git/hooks/pre-rebase.sample
.git/hooks/pre-receive.sample
.git/hooks/prepare-commit-msg.sample
.git/hooks/push-to-checkout.sample
.git/hooks/update.sample
.git/info/
.git/info/exclude
.git/logs/
.git/logs/HEAD
.git/logs/refs/
.git/logs/refs/heads/
.git/logs/refs/heads/master
.git/logs/refs/remotes/
.git/logs/refs/remotes/origin/
.git/logs/refs/remotes/origin/master
.git/objects/
.git/objects/00/
.git/objects/00/6fc545a2dc5cfe8f8c8a9d2815b53029faad95
.git/objects/05/
.git/objects/05/c05bc1829c972688b7540487e0a808b09bf913
.git/objects/07/
.git/objects/07/6fb6071212497c17ba7db8b14cdf8d699f350f
.git/objects/0e/
.git/objects/0e/352740f180cbcc56ff1de3325cce460eee3816
.git/objects/2c/
.git/objects/2c/653f2b3dded352298f201fb76eda4c3fc58f8d
.git/objects/2c/6fa0def6311cb426c6f458fa2298fb91bb3ec2
.git/objects/35/
.git/objects/35/55131f433b15d225bbfc62d5970202ce9db7b1
.git/objects/3c/
.git/objects/3c/4f88d9eac432650f2275e85742d4f5f26f370c
.git/objects/40/
.git/objects/40/48c7679a6437b5480a370201260153ca19f2f0
.git/objects/42/
.git/objects/42/f0585158cbcbc7700bfd10ec0a92ee3c9f5b81
.git/objects/61/
.git/objects/61/dacc1646d1a504a8105dd85eca14f00c31a22a
.git/objects/62/
.git/objects/62/2e0d17fc1daf1dc562cd73044bf39c95172a42
.git/objects/67/
.git/objects/67/ad5a16c7192860afe756d2cf038d4d535f9372
.git/objects/67/ae5b20c63a4e6a64d904ba32a4572d12c1c415
.git/objects/6f/
.git/objects/6f/f2bd5477121a93dd229d4dc3cdd2d227682a4c
.git/objects/73/
.git/objects/73/47973a3e6cd9d51de5e0b16333b55427639bd7
.git/objects/78/
.git/objects/78/25c2f2ec5fca2aa87c450da77dc81608c767dc
.git/objects/78/8c98ea9562f0f3d82792d3a6766be063614c52
.git/objects/79/
.git/objects/79/21c5defa450c0de7ff515668a016e843d541a0
.git/objects/87/
.git/objects/87/2c01559ea7ac2302b7d73ae653f7ad29f8981d
.git/objects/88/
.git/objects/88/287032fe8adbd98e0ddf331ec4007e22c27c85
.git/objects/8a/
.git/objects/8a/e6a7b004e915058d5664a0597ab6d63083d01d
.git/objects/8c/
.git/objects/8c/e9d754bdeff2d697bdf7395451844ce53c8aa5
.git/objects/8f/
.git/objects/8f/ce916af791cdb0b3fa0e86f80934afadbcd385
.git/objects/a5/
.git/objects/a5/69c12b8b731859114b0610be911e783a4b3ce4
.git/objects/a8/
.git/objects/a8/54649a503967f7a312ff79830c3bf8efa60d39
.git/objects/a9/
.git/objects/a9/1e84f6cc4e6f0c3d99e1a15ca3fa81cb4569ad
.git/objects/ae/
.git/objects/ae/10ef4eea87cca7e0e1b6f3e49f2fffeb0b09b3
.git/objects/b0/
.git/objects/b0/da7957cd9d35dd578dd51bfbde82bdf68cd49f
.git/objects/b0/ebd244fd2ce740518e94794ca37f8315641fa8
.git/objects/b6/
.git/objects/b6/d2ee532e40b6b8c2390e3a7a011ba4f7fecf8a
.git/objects/b9/
.git/objects/b9/e02fafb9c75637a75011b8e8631379bbb48244
.git/objects/c3/
.git/objects/c3/3242f9dc9c84ccf273e067ffba0b299f328774
.git/objects/cd/
.git/objects/cd/ae5bcc8becbffebc3841eb410c6aa003030c8e
.git/objects/d0/
.git/objects/d0/180e76b20edbe2282cf622dc1c335d33abbc98
.git/objects/d5/
.git/objects/d5/6546b4819c169915a2125fc835ecd382a7ab78
.git/objects/d7/
.git/objects/d7/a2dd1e2d47b6442717cff85dfedfd95c38298f
.git/objects/da/
.git/objects/da/c56ea2482d3626dad982f892b1a1a68b42607a
.git/objects/dd/
.git/objects/dd/694a2a27446989e916f6323039424039ee9f31
.git/objects/de/
.git/objects/de/489975df60ff1bb8e5f679bd1686e269b62c75
.git/objects/e0/
.git/objects/e0/62f7e7dc3598ef187ea53432f5d76290b63b84
.git/objects/e1/
.git/objects/e1/1d12d125c372b0f6a8c0cfbb2ae025f2c9cfc5
.git/objects/e4/
.git/objects/e4/69e972a9e6c2dd1414fd542fc37a071061d7ca
.git/objects/e6/
.git/objects/e6/9de29bb2d1d6434b8b29ae775ad8c2e48c5391
.git/objects/e8/
.git/objects/e8/15998ce73e38febc46c1122832fbb4fbe83961
.git/objects/ea/
.git/objects/ea/c0638db811698dbe7bc1446fe16461fd2235f9
.git/objects/info/
.git/objects/pack/
.git/refs/
.git/refs/heads/
.git/refs/heads/master
.git/refs/remotes/
.git/refs/remotes/origin/
.git/refs/remotes/origin/master
.git/refs/tags/
logfiles/
logfiles/sada.log.tar.gz
logfiles/sadasdasd.log.tar.gz
logfiles/sdasdhajsbda.log.tar.gz
logfiles/sdaskd.log.tar.gz

sent 87,660 bytes  received 2,239 bytes  179,798.00 bytes/sec
total size is 77,114  speedup is 0.86
